-------------------------------------------
Batch: 0
-------------------------------------------
+--------------------+---------+
|               email|birthYear|
+--------------------+---------+
|Trevor.Olson@test...|     1965|
|  Edward.Wu@test.com|     1964|
|Suresh.Jones@test...|     1963|
|Bobby.Harris@test...|     1962|
|Christina.Hansen@...|     1961|
|Bobby.Clayton@tes...|     1960|
|David.Jones@test.com|     1959|
|Sarah.Jones@test.com|     1958|
|Larry.Anderson@te...|     1957|
| Lyn.Hansen@test.com|     1956|
|Craig.Jones@test.com|     1955|
|Bobby.Davis@test.com|     1954|
|Edward.Doshi@test...|     1953|
|Lyn.Staples@test.com|     1952|
|  Ben.Abram@test.com|     1951|
|Jason.Doshi@test.com|     1950|
|Suresh.Sanchez@te...|     1949|
|Edward.Anandh@tes...|     1948|
|  John.Huey@test.com|     1947|
|Bobby.Jefferson@t...|     1946|
+--------------------+---------+
only showing top 20 rows

-------------------------------------------
Batch: 1
-------------------------------------------
+-----+---------+
|email|birthYear|
+-----+---------+
+-----+---------+

-------------------------------------------
Batch: 2
-------------------------------------------
+-----+---------+
|email|birthYear|
+-----+---------+
+-----+---------+

-------------------------------------------
Batch: 3
-------------------------------------------
+-----+---------+
|email|birthYear|
+-----+---------+
+-----+---------+

-------------------------------------------
Batch: 4
-------------------------------------------
+-----+---------+
|email|birthYear|
+-----+---------+
+-----+---------+

-------------------------------------------
Batch: 5
-------------------------------------------
+-----+---------+
|email|birthYear|
+-----+---------+
+-----+---------+

-------------------------------------------
Batch: 6
-------------------------------------------
+-----+---------+
|email|birthYear|
+-----+---------+
+-----+---------+

-------------------------------------------
Batch: 7
-------------------------------------------
+-----+---------+
|email|birthYear|
+-----+---------+
+-----+---------+

-------------------------------------------
Batch: 8
-------------------------------------------
+-----+---------+
|email|birthYear|
+-----+---------+
+-----+---------+

-------------------------------------------
Batch: 9
-------------------------------------------
+-----+---------+
|email|birthYear|
+-----+---------+
+-----+---------+

-------------------------------------------
Batch: 10
-------------------------------------------
+-----+---------+
|email|birthYear|
+-----+---------+
+-----+---------+

-------------------------------------------
Batch: 11
-------------------------------------------
+-----+---------+
|email|birthYear|
+-----+---------+
+-----+---------+

-------------------------------------------
Batch: 12
-------------------------------------------
+-----+---------+
|email|birthYear|
+-----+---------+
+-----+---------+

