Spark Command: /usr/lib/jvm/java-8-openjdk-amd64/jre/bin/java -cp /opt/spark-2.3.4-bin-hadoop2.7/conf/:/opt/spark-2.3.4-bin-hadoop2.7/jars/* -Xmx1g org.apache.spark.deploy.master.Master --host dcd74697e442e01c1254327f574ba447bf1a14a5-5c8d7cdfcd-w49jc --port 7077 --webui-port 8080
========================================
2024-07-18 17:35:06 INFO  Master:2612 - Started daemon with process name: 2073@dcd74697e442e01c1254327f574ba447bf1a14a5-5c8d7cdfcd-w49jc
2024-07-18 17:35:06 INFO  SignalUtils:54 - Registered signal handler for TERM
2024-07-18 17:35:06 INFO  SignalUtils:54 - Registered signal handler for HUP
2024-07-18 17:35:06 INFO  SignalUtils:54 - Registered signal handler for INT
2024-07-18 17:35:08 WARN  NativeCodeLoader:62 - Unable to load native-hadoop library for your platform... using builtin-java classes where applicable
2024-07-18 17:35:08 INFO  SecurityManager:54 - Changing view acls to: root
2024-07-18 17:35:08 INFO  SecurityManager:54 - Changing modify acls to: root
2024-07-18 17:35:08 INFO  SecurityManager:54 - Changing view acls groups to: 
2024-07-18 17:35:08 INFO  SecurityManager:54 - Changing modify acls groups to: 
2024-07-18 17:35:08 INFO  SecurityManager:54 - SecurityManager: authentication disabled; ui acls disabled; users  with view permissions: Set(root); groups with view permissions: Set(); users  with modify permissions: Set(root); groups with modify permissions: Set()
2024-07-18 17:35:09 INFO  Utils:54 - Successfully started service 'sparkMaster' on port 7077.
2024-07-18 17:35:09 INFO  Master:54 - Starting Spark master at spark://dcd74697e442e01c1254327f574ba447bf1a14a5-5c8d7cdfcd-w49jc:7077
2024-07-18 17:35:09 INFO  Master:54 - Running Spark version 2.3.4
2024-07-18 17:35:09 INFO  log:192 - Logging initialized @5173ms
2024-07-18 17:35:10 INFO  Server:351 - jetty-9.3.z-SNAPSHOT, build timestamp: unknown, git hash: unknown
2024-07-18 17:35:10 INFO  Server:419 - Started @5286ms
2024-07-18 17:35:10 INFO  AbstractConnector:278 - Started ServerConnector@747f382a{HTTP/1.1,[http/1.1]}{0.0.0.0:8080}
2024-07-18 17:35:10 INFO  Utils:54 - Successfully started service 'MasterUI' on port 8080.
2024-07-18 17:35:10 INFO  ContextHandler:781 - Started o.s.j.s.ServletContextHandler@4d27220a{/app,null,AVAILABLE,@Spark}
2024-07-18 17:35:10 INFO  ContextHandler:781 - Started o.s.j.s.ServletContextHandler@1e717cf0{/app/json,null,AVAILABLE,@Spark}
2024-07-18 17:35:10 INFO  ContextHandler:781 - Started o.s.j.s.ServletContextHandler@6a4153b0{/,null,AVAILABLE,@Spark}
2024-07-18 17:35:10 INFO  ContextHandler:781 - Started o.s.j.s.ServletContextHandler@5493e395{/json,null,AVAILABLE,@Spark}
2024-07-18 17:35:10 INFO  ContextHandler:781 - Started o.s.j.s.ServletContextHandler@4110930b{/static,null,AVAILABLE,@Spark}
2024-07-18 17:35:10 INFO  ContextHandler:781 - Started o.s.j.s.ServletContextHandler@44fc129a{/app/kill,null,AVAILABLE,@Spark}
2024-07-18 17:35:10 INFO  ContextHandler:781 - Started o.s.j.s.ServletContextHandler@20b1df3d{/driver/kill,null,AVAILABLE,@Spark}
2024-07-18 17:35:10 INFO  MasterWebUI:54 - Bound MasterWebUI to 0.0.0.0, and started at http://dcd74697e442e01c1254327f574ba447bf1a14a5-5c8d7cdfcd-w49jc:8080
2024-07-18 17:35:10 INFO  Server:351 - jetty-9.3.z-SNAPSHOT, build timestamp: unknown, git hash: unknown
2024-07-18 17:35:10 INFO  ContextHandler:781 - Started o.s.j.s.ServletContextHandler@48f0cd7e{/,null,AVAILABLE}
2024-07-18 17:35:10 INFO  AbstractConnector:278 - Started ServerConnector@201c5e43{HTTP/1.1,[http/1.1]}{dcd74697e442e01c1254327f574ba447bf1a14a5-5c8d7cdfcd-w49jc:6066}
2024-07-18 17:35:10 INFO  Server:419 - Started @5974ms
2024-07-18 17:35:10 INFO  Utils:54 - Successfully started service on port 6066.
2024-07-18 17:35:10 INFO  StandaloneRestServer:54 - Started REST server for submitting applications on port 6066
2024-07-18 17:35:11 INFO  ContextHandler:781 - Started o.s.j.s.ServletContextHandler@7668c1e6{/metrics/master/json,null,AVAILABLE,@Spark}
2024-07-18 17:35:11 INFO  ContextHandler:781 - Started o.s.j.s.ServletContextHandler@414e8a9e{/metrics/applications/json,null,AVAILABLE,@Spark}
2024-07-18 17:35:11 INFO  Master:54 - I have been elected leader! New state: ALIVE
2024-07-18 17:37:33 INFO  Master:54 - Registering worker 10.124.20.44:33741 with 16 cores, 124.8 GB RAM
