Spark Command: /usr/lib/jvm/java-8-openjdk-amd64/jre/bin/java -cp /opt/spark-2.3.4-bin-hadoop2.7/conf/:/opt/spark-2.3.4-bin-hadoop2.7/jars/* -Xmx1g org.apache.spark.deploy.worker.Worker --webui-port 8081 spark://dcd74697e442e01c1254327f574ba447bf1a14a5-5c8d7cdfcd-w49jc:7077
========================================
2024-07-18 17:37:28 INFO  Worker:2612 - Started daemon with process name: 2217@dcd74697e442e01c1254327f574ba447bf1a14a5-5c8d7cdfcd-w49jc
2024-07-18 17:37:28 INFO  SignalUtils:54 - Registered signal handler for TERM
2024-07-18 17:37:28 INFO  SignalUtils:54 - Registered signal handler for HUP
2024-07-18 17:37:28 INFO  SignalUtils:54 - Registered signal handler for INT
2024-07-18 17:37:29 WARN  NativeCodeLoader:62 - Unable to load native-hadoop library for your platform... using builtin-java classes where applicable
2024-07-18 17:37:30 INFO  SecurityManager:54 - Changing view acls to: root
2024-07-18 17:37:30 INFO  SecurityManager:54 - Changing modify acls to: root
2024-07-18 17:37:30 INFO  SecurityManager:54 - Changing view acls groups to: 
2024-07-18 17:37:30 INFO  SecurityManager:54 - Changing modify acls groups to: 
2024-07-18 17:37:30 INFO  SecurityManager:54 - SecurityManager: authentication disabled; ui acls disabled; users  with view permissions: Set(root); groups with view permissions: Set(); users  with modify permissions: Set(root); groups with modify permissions: Set()
2024-07-18 17:37:30 INFO  Utils:54 - Successfully started service 'sparkWorker' on port 33741.
2024-07-18 17:37:31 INFO  Worker:54 - Starting Spark worker 10.124.20.44:33741 with 16 cores, 124.8 GB RAM
2024-07-18 17:37:31 INFO  Worker:54 - Running Spark version 2.3.4
2024-07-18 17:37:31 INFO  Worker:54 - Spark home: /opt/spark-2.3.4-bin-hadoop2.7
2024-07-18 17:37:31 INFO  log:192 - Logging initialized @5891ms
2024-07-18 17:37:32 INFO  Server:351 - jetty-9.3.z-SNAPSHOT, build timestamp: unknown, git hash: unknown
2024-07-18 17:37:32 INFO  Server:419 - Started @6011ms
2024-07-18 17:37:32 WARN  Utils:66 - Service 'WorkerUI' could not bind on port 8081. Attempting port 8082.
2024-07-18 17:37:32 WARN  Utils:66 - Service 'WorkerUI' could not bind on port 8082. Attempting port 8083.
2024-07-18 17:37:32 WARN  Utils:66 - Service 'WorkerUI' could not bind on port 8083. Attempting port 8084.
2024-07-18 17:37:32 INFO  AbstractConnector:278 - Started ServerConnector@13f5e2c7{HTTP/1.1,[http/1.1]}{0.0.0.0:8084}
2024-07-18 17:37:32 INFO  Utils:54 - Successfully started service 'WorkerUI' on port 8084.
2024-07-18 17:37:32 INFO  ContextHandler:781 - Started o.s.j.s.ServletContextHandler@71c69975{/logPage,null,AVAILABLE,@Spark}
2024-07-18 17:37:32 INFO  ContextHandler:781 - Started o.s.j.s.ServletContextHandler@3c4ac8dd{/logPage/json,null,AVAILABLE,@Spark}
2024-07-18 17:37:32 INFO  ContextHandler:781 - Started o.s.j.s.ServletContextHandler@31d9b41a{/,null,AVAILABLE,@Spark}
2024-07-18 17:37:32 INFO  ContextHandler:781 - Started o.s.j.s.ServletContextHandler@70841b19{/json,null,AVAILABLE,@Spark}
2024-07-18 17:37:32 INFO  ContextHandler:781 - Started o.s.j.s.ServletContextHandler@1a6239f4{/static,null,AVAILABLE,@Spark}
2024-07-18 17:37:32 INFO  ContextHandler:781 - Started o.s.j.s.ServletContextHandler@2d60cad8{/log,null,AVAILABLE,@Spark}
2024-07-18 17:37:32 INFO  WorkerWebUI:54 - Bound WorkerWebUI to 0.0.0.0, and started at http://dcd74697e442e01c1254327f574ba447bf1a14a5-5c8d7cdfcd-w49jc:8084
2024-07-18 17:37:32 INFO  Worker:54 - Connecting to master dcd74697e442e01c1254327f574ba447bf1a14a5-5c8d7cdfcd-w49jc:7077...
2024-07-18 17:37:32 INFO  ContextHandler:781 - Started o.s.j.s.ServletContextHandler@e056bf3{/metrics/json,null,AVAILABLE,@Spark}
2024-07-18 17:37:32 INFO  TransportClientFactory:267 - Successfully created connection to dcd74697e442e01c1254327f574ba447bf1a14a5-5c8d7cdfcd-w49jc/10.124.20.44:7077 after 191 ms (0 ms spent in bootstraps)
2024-07-18 17:37:33 INFO  Worker:54 - Successfully registered with master spark://dcd74697e442e01c1254327f574ba447bf1a14a5-5c8d7cdfcd-w49jc:7077
